<?xml version="1.0" encoding="UTF-8"?>
<!-- Generated by org.testng.reporters.JUnitReportReporter -->
<testsuite skipped="0" hostname="LAPTOP-LT868505" name="com.crm.qa.testcases.HomePageTest" tests="3" failures="0" timestamp="2020-01-31T20:52:41 SGT" time="60.056" errors="0">
  <testcase name="verifyHomePageTitleTest" time="17.878" classname="com.crm.qa.testcases.HomePageTest"/>
  <testcase name="verifyUserNameTest" time="19.782" classname="com.crm.qa.testcases.HomePageTest"/>
  <testcase name="verifyContactsLinkTest" time="22.396" classname="com.crm.qa.testcases.HomePageTest"/>
</testsuite> <!-- com.crm.qa.testcases.HomePageTest -->
