<?xml version="1.0" encoding="UTF-8"?>
<!-- Generated by org.testng.reporters.JUnitReportReporter -->
<testsuite skipped="0" hostname="LAPTOP-LT868505" name="com.crm.qa.testcases.LoginPageTest" tests="3" failures="0" timestamp="2020-01-31T23:02:56 SGT" time="43.870" errors="0">
  <testcase name="landingPageTitleTest" time="12.844" classname="com.crm.qa.testcases.LoginPageTest"/>
  <testcase name="crmLogoImageTest" time="14.853" classname="com.crm.qa.testcases.LoginPageTest"/>
  <testcase name="loginTest" time="16.173" classname="com.crm.qa.testcases.LoginPageTest"/>
</testsuite> <!-- com.crm.qa.testcases.LoginPageTest -->
